<?xml version="1.0" encoding="UTF-8"?>
<testsuite name="mandelbrot.ComplexTest" tests="17" skipped="0" failures="0" errors="0" timestamp="2023-09-05T21:42:07" hostname="YO" time="0.112">
  <properties/>
  <testcase name="testDivideByZero()" classname="mandelbrot.ComplexTest" time="0.069"/>
  <testcase name="testAdd()" classname="mandelbrot.ComplexTest" time="0.001"/>
  <testcase name="testOne()" classname="mandelbrot.ComplexTest" time="0.006"/>
  <testcase name="testPow()" classname="mandelbrot.ComplexTest" time="0.001"/>
  <testcase name="testBasicToString()" classname="mandelbrot.ComplexTest" time="0.007"/>
  <testcase name="testZero()" classname="mandelbrot.ComplexTest" time="0.001"/>
  <testcase name="testReciprocal()" classname="mandelbrot.ComplexTest" time="0.001"/>
  <testcase name="testGetReal()" classname="mandelbrot.ComplexTest" time="0.0"/>
  <testcase name="testReciprocalOfZero()" classname="mandelbrot.ComplexTest" time="0.001"/>
  <testcase name="testConjugate()" classname="mandelbrot.ComplexTest" time="0.0"/>
  <testcase name="testI()" classname="mandelbrot.ComplexTest" time="0.001"/>
  <testcase name="testGetImaginary()" classname="mandelbrot.ComplexTest" time="0.001"/>
  <testcase name="testRotation()" classname="mandelbrot.ComplexTest" time="0.0"/>
  <testcase name="testDivide()" classname="mandelbrot.ComplexTest" time="0.001"/>
  <testcase name="testEquals()" classname="mandelbrot.ComplexTest" time="0.001"/>
  <testcase name="testNegate()" classname="mandelbrot.ComplexTest" time="0.0"/>
  <testcase name="testToStringFormat()" classname="mandelbrot.ComplexTest" time="0.006"/>
  <system-out><![CDATA[]]></system-out>
  <system-err><![CDATA[]]></system-err>
</testsuite>
