<?xml version="1.0" encoding="UTF-8"?>
<testsuite name="mandelbrot.ComplexTest" tests="17" skipped="0" failures="0" errors="0" timestamp="2023-10-14T10:16:20" hostname="YO" time="0.135">
  <properties/>
  <testcase name="testDivideByZero()" classname="mandelbrot.ComplexTest" time="0.084"/>
  <testcase name="testAdd()" classname="mandelbrot.ComplexTest" time="0.001"/>
  <testcase name="testOne()" classname="mandelbrot.ComplexTest" time="0.005"/>
  <testcase name="testPow()" classname="mandelbrot.ComplexTest" time="0.001"/>
  <testcase name="testBasicToString()" classname="mandelbrot.ComplexTest" time="0.01"/>
  <testcase name="testZero()" classname="mandelbrot.ComplexTest" time="0.001"/>
  <testcase name="testReciprocal()" classname="mandelbrot.ComplexTest" time="0.001"/>
  <testcase name="testGetReal()" classname="mandelbrot.ComplexTest" time="0.001"/>
  <testcase name="testReciprocalOfZero()" classname="mandelbrot.ComplexTest" time="0.001"/>
  <testcase name="testConjugate()" classname="mandelbrot.ComplexTest" time="0.001"/>
  <testcase name="testI()" classname="mandelbrot.ComplexTest" time="0.001"/>
  <testcase name="testGetImaginary()" classname="mandelbrot.ComplexTest" time="0.001"/>
  <testcase name="testRotation()" classname="mandelbrot.ComplexTest" time="0.001"/>
  <testcase name="testDivide()" classname="mandelbrot.ComplexTest" time="0.001"/>
  <testcase name="testEquals()" classname="mandelbrot.ComplexTest" time="0.0"/>
  <testcase name="testNegate()" classname="mandelbrot.ComplexTest" time="0.001"/>
  <testcase name="testToStringFormat()" classname="mandelbrot.ComplexTest" time="0.004"/>
  <system-out><![CDATA[]]></system-out>
  <system-err><![CDATA[]]></system-err>
</testsuite>
